/nix/store/qysh27bv4rlfi8vb7bd4xq7k5hzqjqf9-wine-astral-full-11.1-7221d45/bin/winepath
Preparing prefix /home/fulcrum/Games/star-citizen for gaming
Killing running wine processes/wineserver
Running wineboot -u to update prefix
Stopping processes in session
Finding paths
Found 32 bit path /home/fulcrum/Games/star-citizen/drive_c/windows/syswow64 and 64 bit path /home/fulcrum/Games/star-citizen/drive_c/windows/system32
Removing existing dxvk and vkd3d-proton DLLs
Installing dxvk DLLs
'/nix/store/x44ncn21sxm5d6vgz218asdhkl0591br-dxvk-x86_64-w64-mingw32/bin/d3d10core.dll' -> '/home/fulcrum/Games/star-citizen/drive_c/windows/system32/d3d10core.dll'
'/nix/store/x44ncn21sxm5d6vgz218asdhkl0591br-dxvk-x86_64-w64-mingw32/bin/d3d11.dll' -> '/home/fulcrum/Games/star-citizen/drive_c/windows/system32/d3d11.dll'
removed '/home/fulcrum/Games/star-citizen/drive_c/windows/system32/d3d8.dll'
'/nix/store/x44ncn21sxm5d6vgz218asdhkl0591br-dxvk-x86_64-w64-mingw32/bin/d3d8.dll' -> '/home/fulcrum/Games/star-citizen/drive_c/windows/system32/d3d8.dll'
'/nix/store/x44ncn21sxm5d6vgz218asdhkl0591br-dxvk-x86_64-w64-mingw32/bin/d3d9.dll' -> '/home/fulcrum/Games/star-citizen/drive_c/windows/system32/d3d9.dll'
'/nix/store/x44ncn21sxm5d6vgz218asdhkl0591br-dxvk-x86_64-w64-mingw32/bin/dxgi.dll' -> '/home/fulcrum/Games/star-citizen/drive_c/windows/system32/dxgi.dll'
'/nix/store/v9l8hp8bl171nsmx4i4vmsqdi6zgrwdh-dxvk-i686-w64-mingw32/bin/d3d10core.dll' -> '/home/fulcrum/Games/star-citizen/drive_c/windows/syswow64/d3d10core.dll'
'/nix/store/v9l8hp8bl171nsmx4i4vmsqdi6zgrwdh-dxvk-i686-w64-mingw32/bin/d3d11.dll' -> '/home/fulcrum/Games/star-citizen/drive_c/windows/syswow64/d3d11.dll'
removed '/home/fulcrum/Games/star-citizen/drive_c/windows/syswow64/d3d8.dll'
'/nix/store/v9l8hp8bl171nsmx4i4vmsqdi6zgrwdh-dxvk-i686-w64-mingw32/bin/d3d8.dll' -> '/home/fulcrum/Games/star-citizen/drive_c/windows/syswow64/d3d8.dll'
'/nix/store/v9l8hp8bl171nsmx4i4vmsqdi6zgrwdh-dxvk-i686-w64-mingw32/bin/d3d9.dll' -> '/home/fulcrum/Games/star-citizen/drive_c/windows/syswow64/d3d9.dll'
'/nix/store/v9l8hp8bl171nsmx4i4vmsqdi6zgrwdh-dxvk-i686-w64-mingw32/bin/dxgi.dll' -> '/home/fulcrum/Games/star-citizen/drive_c/windows/syswow64/dxgi.dll'
Installing vkd3d-proton DLLs
'/nix/store/xgskk222y344qrg3zdp4cn3hz01jhj5d-vkd3d-proton-x86_64-w64-mingw32-3.0/bin/d3d12core.dll' -> '/home/fulcrum/Games/star-citizen/drive_c/windows/system32/d3d12core.dll'
'/nix/store/xgskk222y344qrg3zdp4cn3hz01jhj5d-vkd3d-proton-x86_64-w64-mingw32-3.0/bin/d3d12.dll' -> '/home/fulcrum/Games/star-citizen/drive_c/windows/system32/d3d12.dll'
'/nix/store/v4fzcxg12rrz8fa4jljvzh3hylgaxd34-vkd3d-proton-i686-w64-mingw32-3.0/bin/d3d12core.dll' -> '/home/fulcrum/Games/star-citizen/drive_c/windows/syswow64/d3d12core.dll'
'/nix/store/v4fzcxg12rrz8fa4jljvzh3hylgaxd34-vkd3d-proton-i686-w64-mingw32-3.0/bin/d3d12.dll' -> '/home/fulcrum/Games/star-citizen/drive_c/windows/syswow64/d3d12.dll'
Installing dxvk-nvapi DLLs
removed '/home/fulcrum/Games/star-citizen/drive_c/windows/system32/nvapi.dll'
'/nix/store/hwazq91q812zlln37rggj6qi1jr6ras0-dxvk-nvapi-i686-w64-mingw32-0.9.1/bin/nvapi.dll' -> '/home/fulcrum/Games/star-citizen/drive_c/windows/system32/nvapi.dll'
removed '/home/fulcrum/Games/star-citizen/drive_c/windows/syswow64/nvapi.dll'
'/nix/store/hwazq91q812zlln37rggj6qi1jr6ras0-dxvk-nvapi-i686-w64-mingw32-0.9.1/bin/nvapi.dll' -> '/home/fulcrum/Games/star-citizen/drive_c/windows/syswow64/nvapi.dll'
removed '/home/fulcrum/Games/star-citizen/drive_c/windows/system32/nvapi64.dll'
'/nix/store/kyrcx6qila4j2cxzg5h4z8g04bshbman-dxvk-nvapi-x86_64-w64-mingw32-0.9.1/bin/nvapi64.dll' -> '/home/fulcrum/Games/star-citizen/drive_c/windows/system32/nvapi64.dll'
removed '/home/fulcrum/Games/star-citizen/drive_c/windows/system32/nvofapi64.dll'
'/nix/store/kyrcx6qila4j2cxzg5h4z8g04bshbman-dxvk-nvapi-x86_64-w64-mingw32-0.9.1/bin/nvofapi64.dll' -> '/home/fulcrum/Games/star-citizen/drive_c/windows/system32/nvofapi64.dll'
removed '/home/fulcrum/Games/star-citizen/drive_c/windows/syswow64/nvapi64.dll'
'/nix/store/kyrcx6qila4j2cxzg5h4z8g04bshbman-dxvk-nvapi-x86_64-w64-mingw32-0.9.1/bin/nvapi64.dll' -> '/home/fulcrum/Games/star-citizen/drive_c/windows/syswow64/nvapi64.dll'
removed '/home/fulcrum/Games/star-citizen/drive_c/windows/syswow64/nvofapi64.dll'
'/nix/store/kyrcx6qila4j2cxzg5h4z8g04bshbman-dxvk-nvapi-x86_64-w64-mingw32-0.9.1/bin/nvofapi64.dll' -> '/home/fulcrum/Games/star-citizen/drive_c/windows/syswow64/nvofapi64.dll'
Adding native DllOverrides
Working arround known launcher error by outputting logs to /home/fulcrum/Games/star-citizen/sc-launch.log
